2019-09-23T06:41:47.349Z - normal: Load ~/.CocosCreator/settings.json
2019-09-23T06:41:48.503Z - normal: Initializing Asset Database
2019-09-23T06:41:48.505Z - normal: checking language setting...
2019-09-23T06:41:48.505Z - normal: Language: zh
2019-09-23T06:41:50.068Z - success: preview server running at http://localhost:7456
2019-09-23T06:41:50.070Z - success: protocol editor-framework registered
2019-09-23T06:41:50.070Z - success: protocol app registered
2019-09-23T06:41:50.071Z - success: protocol theme registered
2019-09-23T06:41:50.071Z - success: protocol packages registered
2019-09-23T06:41:50.071Z - success: protocol uuid registerred
2019-09-23T06:41:50.071Z - success: protocol db registerred
2019-09-23T06:41:50.071Z - success: protocol thumbnail registerred
2019-09-23T06:41:50.071Z - success: protocol unpack registerred
2019-09-23T06:41:50.071Z - success: protocol disable-commonjs registerred
2019-09-23T06:41:50.192Z - normal: connected!
2019-09-23T06:41:50.193Z - normal: Check project D:\WYYs\cocos2d\breakBlock
2019-09-23T06:41:50.194Z - normal: Initializing project D:\WYYs\cocos2d\breakBlock
2019-09-23T06:41:50.640Z - normal: Initializing Cocos2d
2019-09-23T06:41:52.441Z - normal: Initializing engine extends
2019-09-23T06:41:52.481Z - success: asset-db-debugger loaded
2019-09-23T06:41:52.486Z - success: baidu-adapter loaded
2019-09-23T06:41:52.489Z - success: color-picker loaded
2019-09-23T06:41:52.664Z - success: fb-audience-network loaded
2019-09-23T06:41:52.763Z - success: fb-live-stream loaded
2019-09-23T06:41:52.792Z - success: google-play-instant loaded
2019-09-23T06:41:52.812Z - success: huawei-runtime loaded
2019-09-23T06:41:52.813Z - success: jsb-adapter loaded
2019-09-23T06:41:52.843Z - success: oppo-runtime loaded
2019-09-23T06:41:52.845Z - success: package-manager loaded
2019-09-23T06:41:53.208Z - success: qqplay-adapter loaded
2019-09-23T06:41:53.221Z - success: runtime-dev-tools loaded
2019-09-23T06:41:53.234Z - success: sdkbox loaded
2019-09-23T06:41:53.245Z - success: tester loaded
2019-09-23T06:41:53.250Z - success: ui-grid loaded
2019-09-23T06:41:53.252Z - success: ui-kit-preview-extra loaded
2019-09-23T06:41:53.253Z - success: ui-kit-preview loaded
2019-09-23T06:41:53.255Z - success: ui-kit loaded
2019-09-23T06:41:53.256Z - success: ui-tree loaded
2019-09-23T06:41:53.289Z - success: vivo-runtime loaded
2019-09-23T06:41:53.290Z - success: weapp-adapter loaded
2019-09-23T06:41:53.336Z - success: assets loaded
2019-09-23T06:41:53.338Z - success: builder loaded
2019-09-23T06:41:53.722Z - success: cocos-services loaded
2019-09-23T06:41:53.725Z - success: console loaded
2019-09-23T06:41:53.751Z - success: fb-instant-games loaded
2019-09-23T06:41:53.755Z - success: game-window loaded
2019-09-23T06:41:53.756Z - success: google-instant-games loaded
2019-09-23T06:41:53.760Z - success: hierarchy loaded
2019-09-23T06:41:53.762Z - success: inspector loaded
2019-09-23T06:41:53.764Z - success: keystore loaded
2019-09-23T06:41:53.767Z - success: node-library loaded
2019-09-23T06:41:53.769Z - success: package-asset loaded
2019-09-23T06:41:53.770Z - success: preferences loaded
2019-09-23T06:41:53.771Z - success: project-exporter loaded
2019-09-23T06:41:53.773Z - success: project-importer loaded
2019-09-23T06:41:53.775Z - success: project-settings loaded
2019-09-23T06:41:53.782Z - success: scene loaded
2019-09-23T06:41:53.783Z - success: simulator-debugger loaded
2019-09-23T06:41:53.784Z - success: sprite-editor loaded
2019-09-23T06:41:53.787Z - success: store loaded
2019-09-23T06:41:53.790Z - success: timeline loaded
2019-09-23T06:41:57.318Z - info: Cocos Services load base data!
2019-09-23T06:42:04.727Z - normal: Loading packages
2019-09-23T06:42:04.731Z - normal: Watching packages
2019-09-23T06:42:05.079Z - normal: Run Application
2019-09-23T06:42:11.987Z - warn: Sorry, cc.p is deprecated. Please use cc.v2 instead
2019-09-23T06:43:40.684Z - warn: Sorry, cc.p is deprecated. Please use cc.v2 instead
2019-09-23T06:47:44.082Z - warn: Sorry, cc.p is deprecated. Please use cc.v2 instead
2019-09-23T06:50:47.908Z - warn: Sorry, cc.p is deprecated. Please use cc.v2 instead
2019-09-23T06:52:55.202Z - warn: Sorry, cc.p is deprecated. Please use cc.v2 instead
2019-09-23T06:54:05.308Z - warn: Sorry, cc.p is deprecated. Please use cc.v2 instead
2019-09-23T06:54:36.066Z - warn: Sorry, cc.p is deprecated. Please use cc.v2 instead
2019-09-23T06:59:06.037Z - warn: Sorry, cc.p is deprecated. Please use cc.v2 instead
2019-09-23T07:01:13.302Z - warn: Sorry, cc.p is deprecated. Please use cc.v2 instead
2019-09-23T07:02:04.025Z - failed: [db-task][sync-changes] Failed to import asset D:\WYYs\cocos2d\breakBlock\assets\script\gameMain.js___jb_tmp___, message: undefined
2019-09-23T07:02:04.521Z - warn: Sorry, cc.p is deprecated. Please use cc.v2 instead
2019-09-23T07:02:28.856Z - warn: Sorry, cc.p is deprecated. Please use cc.v2 instead
2019-09-23T07:03:37.333Z - warn: Sorry, cc.p is deprecated. Please use cc.v2 instead
2019-09-23T07:05:09.972Z - warn: Sorry, cc.p is deprecated. Please use cc.v2 instead
2019-09-23T07:05:09.974Z - error: Unknown type of CCClass.title, property should be defined in 'properties' or 'ctor'
    at Object.cc.errorID (D:\CocosCreator_2.1.1\resources\engine\bin\.cache\dev\cocos2d\core\CCDebug.js:167:16)
    at Object.exports.validateMethodWithProps (D:\CocosCreator_2.1.1\resources\engine\bin\.cache\dev\cocos2d\core\platform\preprocess-class.js:279:28)
    at Object.CCClass [as Class] (D:\CocosCreator_2.1.1\resources\engine\bin\.cache\dev\cocos2d\core\platform\CCClass.js:706:33)
    at __define (D:\WYYs\cocos2d\breakBlock\temp\quick-scripts\assets\script\select.js:16:19)
    at D:\WYYs\cocos2d\breakBlock\temp\quick-scripts\assets\script\select.js:113:13
    at Object.<anonymous> (D:\WYYs\cocos2d\breakBlock\temp\quick-scripts\assets\script\select.js:120:11)
    at Object.<anonymous> (D:\WYYs\cocos2d\breakBlock\temp\quick-scripts\assets\script\select.js:123:3)
    at Module._compile (module.js:571:32)
    at Object.Module._extensions..js (module.js:580:10)
2019-09-23T07:05:09.975Z - warn: Can not serialize 'select.iconList' because the specified type is anonymous, please provide a class name or set the 'serializable' attribute of 'select.iconList' to 'false'.
2019-09-23T07:05:16.258Z - warn: Sorry, cc.p is deprecated. Please use cc.v2 instead
2019-09-23T07:05:16.279Z - failed: load script [D:\WYYs\cocos2d\breakBlock\temp\quick-scripts\assets\script\select.js] failed : TypeError: cc.class is not a function
    at __define (D:\WYYs\cocos2d\breakBlock\temp\quick-scripts\assets\script\select.js:16:24)
    at D:\WYYs\cocos2d\breakBlock\temp\quick-scripts\assets\script\select.js:113:13
    at Object.<anonymous> (D:\WYYs\cocos2d\breakBlock\temp\quick-scripts\assets\script\select.js:120:11)
    at Object.<anonymous> (D:\WYYs\cocos2d\breakBlock\temp\quick-scripts\assets\script\select.js:123:3)
    at Module._compile (module.js:571:32)
    at Object.Module._extensions..js (module.js:580:10)
    at Module.load (module.js:488:32)
    at tryModuleLoad (module.js:447:12)
    at Function.Module._load (module.js:439:3)
    at Module.require (module.js:498:17)
2019-09-23T07:05:49.644Z - warn: Sorry, cc.p is deprecated. Please use cc.v2 instead
2019-09-23T07:07:14.963Z - warn: Sorry, cc.p is deprecated. Please use cc.v2 instead
2019-09-23T07:07:51.318Z - warn: Sorry, cc.p is deprecated. Please use cc.v2 instead
2019-09-23T07:08:39.843Z - warn: Sorry, cc.p is deprecated. Please use cc.v2 instead
2019-09-23T07:08:57.879Z - warn: Sorry, cc.p is deprecated. Please use cc.v2 instead
2019-09-23T07:15:01.657Z - warn: Sorry, cc.p is deprecated. Please use cc.v2 instead
2019-09-23T07:15:42.026Z - warn: Sorry, cc.p is deprecated. Please use cc.v2 instead
2019-09-23T07:17:49.241Z - warn: Sorry, cc.p is deprecated. Please use cc.v2 instead
2019-09-23T07:18:59.593Z - warn: Sorry, cc.p is deprecated. Please use cc.v2 instead
2019-09-23T07:19:52.228Z - warn: Sorry, cc.p is deprecated. Please use cc.v2 instead
2019-09-23T07:20:53.960Z - warn: Sorry, cc.p is deprecated. Please use cc.v2 instead
2019-09-23T07:24:03.696Z - warn: Sorry, cc.p is deprecated. Please use cc.v2 instead
2019-09-23T07:31:51.933Z - warn: Sorry, cc.p is deprecated. Please use cc.v2 instead
2019-09-23T07:34:54.310Z - warn: Sorry, cc.p is deprecated. Please use cc.v2 instead
2019-09-23T07:35:55.716Z - failed: load script [D:\WYYs\cocos2d\breakBlock\temp\quick-scripts\assets\script\gameMain.js] failed : TypeError: Cannot read property '0' of undefined
    at __define (D:\WYYs\cocos2d\breakBlock\temp\quick-scripts\assets\script\gameMain.js:16:73)
    at D:\WYYs\cocos2d\breakBlock\temp\quick-scripts\assets\script\gameMain.js:192:13
    at Object.<anonymous> (D:\WYYs\cocos2d\breakBlock\temp\quick-scripts\assets\script\gameMain.js:199:11)
    at Object.<anonymous> (D:\WYYs\cocos2d\breakBlock\temp\quick-scripts\assets\script\gameMain.js:202:3)
    at Module._compile (module.js:571:32)
    at Object.Module._extensions..js (module.js:580:10)
    at Module.load (module.js:488:32)
    at tryModuleLoad (module.js:447:12)
    at Function.Module._load (module.js:439:3)
    at Module.require (module.js:498:17)
2019-09-23T07:35:55.717Z - warn: Sorry, cc.p is deprecated. Please use cc.v2 instead
2019-09-23T07:35:57.043Z - warn: Script attached to "UI_ROOT" is missing or invalid. Detailed information:
Node path: "UI_ROOT"
Script UUID: "5bd77d99-39f3-4ab9-883e-1efa10ba2e9f"
Class ID: "5bd772ZOfNKuYg+HvoQui6f"

2019-09-23T07:36:07.277Z - warn: Script attached to "UI_ROOT" is missing or invalid. Detailed information:
Node path: "UI_ROOT"
Script UUID: "5bd77d99-39f3-4ab9-883e-1efa10ba2e9f"
Class ID: "5bd772ZOfNKuYg+HvoQui6f"

2019-09-23T07:36:07.505Z - warn: Sorry, cc.p is deprecated. Please use cc.v2 instead
2019-09-23T07:38:16.495Z - warn: Sorry, cc.p is deprecated. Please use cc.v2 instead
2019-09-23T07:39:03.965Z - warn: Sorry, cc.p is deprecated. Please use cc.v2 instead
2019-09-23T07:39:28.925Z - warn: Sorry, cc.p is deprecated. Please use cc.v2 instead
2019-09-23T07:40:37.545Z - warn: Sorry, cc.p is deprecated. Please use cc.v2 instead
2019-09-23T07:49:44.159Z - warn: Sorry, cc.p is deprecated. Please use cc.v2 instead
2019-09-23T07:52:17.834Z - warn: Sorry, cc.p is deprecated. Please use cc.v2 instead
2019-09-23T08:09:34.918Z - warn: Sorry, cc.p is deprecated. Please use cc.v2 instead
2019-09-23T08:16:26.540Z - error: TypeError: Cannot read property '_texture' of null
    at cc_Label._activateMaterial (D:\CocosCreator_2.1.1\resources\engine\bin\.cache\dev\cocos2d\core\components\CCLabel.js:421:64)
    at cc_Label.set (D:\CocosCreator_2.1.1\resources\engine\bin\.cache\dev\cocos2d\core\components\CCRenderComponent.js:44:30)
    at cc_Label.n.set (D:\CocosCreator_2.1.1\resources\app.asar\editor\page\scene-utils\lib\asset-watcher.js:1:782)
    at cc_Label.n.set (D:\CocosCreator_2.1.1\resources\app.asar\editor\page\scene-utils\lib\asset-watcher.js:1:782)
    at cc_Label.n.set (D:\CocosCreator_2.1.1\resources\app.asar\editor\page\scene-utils\lib\asset-watcher.js:1:782)
    at cc_Label.n.set [as sharedMaterials] (D:\CocosCreator_2.1.1\resources\app.asar\editor\page\scene-utils\lib\asset-watcher.js:1:782)
    at l (D:\CocosCreator_2.1.1\resources\app.asar\editor\page\scene-utils\utils\prefab.js:1:1837)
    at d (D:\CocosCreator_2.1.1\resources\app.asar\editor\page\scene-utils\utils\prefab.js:1:1394)
    at D:\CocosCreator_2.1.1\resources\app.asar\editor\page\scene-utils\utils\prefab.js:1:6187
    at f (D:\CocosCreator_2.1.1\resources\app.asar\editor\page\scene-utils\utils\prefab.js:1:795)
2019-09-23T08:17:09.218Z - warn: Sorry, cc.p is deprecated. Please use cc.v2 instead
2019-09-23T08:17:09.336Z - warn: The Asset used is missing. Detailed information:
Missing uuid: "2c330257-f905-45b8-8530-4435a17740a6"

2019-09-23T08:17:09.338Z - warn: The Asset used is missing. Detailed information:
Missing uuid: "2c330257-f905-45b8-8530-4435a17740a6"

2019-09-23T08:23:11.777Z - warn: [db-task][sync-changes] Backup unused meta file: db://assets/resources/img/穿越.png.meta
2019-09-23T08:23:51.858Z - warn: [db-task][sync-changes] Backup unused meta file: db://assets/resources/img/开眼.png.meta
2019-09-23T08:23:51.872Z - warn: [db-task][sync-changes] Backup unused meta file: db://assets/resources/img/邪化.png.meta
2019-09-23T08:23:51.880Z - warn: [db-task][sync-changes] Backup unused meta file: db://assets/resources/img/邪控.png.meta
2019-09-23T08:23:51.889Z - warn: [db-task][sync-changes] Backup unused meta file: db://assets/resources/img/随机.png.meta
2019-09-23T08:24:43.312Z - warn: The Prefab used by node "image" is missing. Detailed information:
Node path: "UI_ROOT/successPage/select/image"
Missing uuid: "28ebd2cc-dc1d-4b05-b259-052138223df3"

2019-09-23T08:25:22.475Z - warn: The Prefab used by node "image" is missing. Detailed information:
Node path: "UI_ROOT/successPage/select/image"
Missing uuid: "28ebd2cc-dc1d-4b05-b259-052138223df3"

2019-09-23T08:26:41.431Z - warn: The Prefab used by node "image" is missing. Detailed information:
Node path: "UI_ROOT/successPage/select/image"
Missing uuid: "28ebd2cc-dc1d-4b05-b259-052138223df3"

2019-09-23T08:32:26.013Z - warn: Sorry, cc.p is deprecated. Please use cc.v2 instead
2019-09-23T08:32:26.167Z - warn: The Asset used by component "cc.Sprite" is missing. Detailed information:
Node path: "UI_ROOT/successPage/select"
Missing uuid: "28ebd2cc-dc1d-4b05-b259-052138223df3"

2019-09-23T08:32:26.168Z - warn: The Asset used by component "cc.Sprite" is missing. Detailed information:
Node path: "UI_ROOT/successPage/select"
Missing uuid: "28ebd2cc-dc1d-4b05-b259-052138223df3"

2019-09-23T08:32:26.168Z - warn: The Asset used by component "cc.Sprite" is missing. Detailed information:
Node path: "UI_ROOT/successPage/select"
Missing uuid: "28ebd2cc-dc1d-4b05-b259-052138223df3"

2019-09-23T08:32:26.168Z - warn: The Asset used by component "cc.Sprite" is missing. Detailed information:
Node path: "UI_ROOT/successPage/select"
Missing uuid: "28ebd2cc-dc1d-4b05-b259-052138223df3"

2019-09-23T08:32:26.177Z - warn: The Asset used by node "image" is missing. Detailed information:
Node path: "select/image"
Missing uuid: "28ebd2cc-dc1d-4b05-b259-052138223df3"

2019-09-23T08:32:26.177Z - warn: The Asset used by node "title" is missing. Detailed information:
Node path: "select/title"
Missing uuid: "28ebd2cc-dc1d-4b05-b259-052138223df3"

2019-09-23T08:32:26.178Z - warn: The Asset used by node "digest" is missing. Detailed information:
Node path: "select/digest"
Missing uuid: "28ebd2cc-dc1d-4b05-b259-052138223df3"

2019-09-23T08:32:26.178Z - warn: The Asset used by node "select" is missing. Detailed information:
Node path: "select"
Missing uuid: "28ebd2cc-dc1d-4b05-b259-052138223df3"

2019-09-23T08:58:44.148Z - warn: Sorry, cc.p is deprecated. Please use cc.v2 instead
2019-09-23T08:58:50.851Z - info: shutdown preview server
